[debug] [2025-09-14T17:27:13.254Z] ----------------------------------------------------------------------
[debug] [2025-09-14T17:27:13.256Z] Command:       /usr/local/bin/node /Users/fouadelmessaoudi/.npm-global/bin/firebase init hosting
[debug] [2025-09-14T17:27:13.256Z] CLI Version:   14.16.0
[debug] [2025-09-14T17:27:13.256Z] Platform:      darwin
[debug] [2025-09-14T17:27:13.256Z] Node Version:  v22.17.1
[debug] [2025-09-14T17:27:13.256Z] Time:          Sun Sep 14 2025 19:27:13 GMT+0200 (heure d’été d’Europe centrale)
[debug] [2025-09-14T17:27:13.256Z] ----------------------------------------------------------------------
[debug] 
[debug] [2025-09-14T17:27:13.367Z] > command requires scopes: ["email","openid","https://www.googleapis.com/auth/cloudplatformprojects.readonly","https://www.googleapis.com/auth/firebase","https://www.googleapis.com/auth/cloud-platform"]
[debug] [2025-09-14T17:27:13.367Z] > authorizing via signed-in user (elmessaoudianiss@gmail.com)
[info] 
     ######## #### ########  ######## ########     ###     ######  ########
     ##        ##  ##     ## ##       ##     ##  ##   ##  ##       ##
     ######    ##  ########  ######   ########  #########  ######  ######
     ##        ##  ##    ##  ##       ##     ## ##     ##       ## ##
     ##       #### ##     ## ######## ########  ##     ##  ######  ########

You're about to initialize a Firebase project in this directory:

  /Users/fouadelmessaoudi

Before we get started, keep in mind:

  * You are initializing within an existing Firebase project directory

[info] 
=== Project Setup
[info] 
[info] First, let's associate this project directory with a Firebase project.
[info] You can create multiple project aliases by running firebase use --add, 
[info] but for now we'll just set up a default project.
[info] 
[debug] [2025-09-14T17:27:13.368Z] Using project from CLI flag: manima-7e23a
[debug] [2025-09-14T17:27:13.369Z] Checked if tokens are valid: true, expires at: 1757874307840
[debug] [2025-09-14T17:27:13.369Z] Checked if tokens are valid: true, expires at: 1757874307840
[debug] [2025-09-14T17:27:13.369Z] >>> [apiv2][query] GET https://firebase.googleapis.com/v1beta1/projects/manima-7e23a [none]
[debug] [2025-09-14T17:27:13.660Z] <<< [apiv2][status] GET https://firebase.googleapis.com/v1beta1/projects/manima-7e23a 200
[debug] [2025-09-14T17:27:13.660Z] <<< [apiv2][body] GET https://firebase.googleapis.com/v1beta1/projects/manima-7e23a {"projectId":"manima-7e23a","projectNumber":"135877962056","displayName":"Manima","name":"projects/manima-7e23a","resources":{"hostingSite":"manima-7e23a","realtimeDatabaseInstance":"manima-7e23a-default-rtdb"},"state":"ACTIVE","etag":"1_29dd1be8-ddac-4412-98f9-5aaa23e426e1"}
[info] i  Using project manima-7e23a (Manima) 
[info] 
=== Hosting Setup
[debug] [2025-09-14T17:27:13.748Z] Checked if tokens are valid: true, expires at: 1757874307840
[debug] [2025-09-14T17:27:13.748Z] Checked if tokens are valid: true, expires at: 1757874307840
[debug] [2025-09-14T17:27:13.748Z] >>> [apiv2][query] GET https://firebase.googleapis.com/v1beta1/projects/manima-7e23a [none]
[debug] [2025-09-14T17:27:14.004Z] <<< [apiv2][status] GET https://firebase.googleapis.com/v1beta1/projects/manima-7e23a 200
[debug] [2025-09-14T17:27:14.004Z] <<< [apiv2][body] GET https://firebase.googleapis.com/v1beta1/projects/manima-7e23a {"projectId":"manima-7e23a","projectNumber":"135877962056","displayName":"Manima","name":"projects/manima-7e23a","resources":{"hostingSite":"manima-7e23a","realtimeDatabaseInstance":"manima-7e23a-default-rtdb"},"state":"ACTIVE","etag":"1_29dd1be8-ddac-4412-98f9-5aaa23e426e1"}
[info] 
[info] Your public directory is the folder (relative to your project directory) that
[info] will contain Hosting assets to be uploaded with firebase deploy. If you
[info] have a build process for your assets, use your build's output directory.
[info] 
[debug] [2025-09-14T17:27:20.804Z] ExitPromptError: User force closed the prompt with SIGINT
    at Interface.sigint (/Users/fouadelmessaoudi/.npm-global/lib/node_modules/firebase-tools/node_modules/@inquirer/core/dist/commonjs/lib/create-prompt.js:101:37)
    at Interface.emit (node:events:518:28)
    at Interface.emit (node:domain:489:12)
    at [_ttyWrite] [as _ttyWrite] (node:internal/readline/interface:1132:18)
    at ReadStream.onkeypress (node:internal/readline/interface:271:20)
    at ReadStream.emit (node:events:530:35)
    at ReadStream.emit (node:domain:489:12)
    at emitKeys (node:internal/readline/utils:370:14)
    at emitKeys.next (<anonymous>)
    at ReadStream.onData (node:internal/readline/emitKeypressEvents:64:36)
[error] 
[error] Error: An unexpected error has occurred.
[debug] [2025-09-14T17:27:26.396Z] ----------------------------------------------------------------------
[debug] [2025-09-14T17:27:26.398Z] Command:       /usr/local/bin/node /Users/fouadelmessaoudi/.npm-global/bin/firebase deploy
[debug] [2025-09-14T17:27:26.398Z] CLI Version:   14.16.0
[debug] [2025-09-14T17:27:26.398Z] Platform:      darwin
[debug] [2025-09-14T17:27:26.398Z] Node Version:  v22.17.1
[debug] [2025-09-14T17:27:26.398Z] Time:          Sun Sep 14 2025 19:27:26 GMT+0200 (heure d’été d’Europe centrale)
[debug] [2025-09-14T17:27:26.398Z] ----------------------------------------------------------------------
[debug] 
[debug] [2025-09-14T17:27:26.503Z] > command requires scopes: ["email","openid","https://www.googleapis.com/auth/cloudplatformprojects.readonly","https://www.googleapis.com/auth/firebase","https://www.googleapis.com/auth/cloud-platform"]
[debug] [2025-09-14T17:27:26.504Z] > authorizing via signed-in user (elmessaoudianiss@gmail.com)
[debug] [2025-09-14T17:27:26.504Z] [iam] checking project manima-7e23a for permissions ["firebase.projects.get","firebasehosting.sites.update"]
[debug] [2025-09-14T17:27:26.504Z] Checked if tokens are valid: true, expires at: 1757874307840
[debug] [2025-09-14T17:27:26.504Z] Checked if tokens are valid: true, expires at: 1757874307840
[debug] [2025-09-14T17:27:26.505Z] >>> [apiv2][query] POST https://cloudresourcemanager.googleapis.com/v1/projects/manima-7e23a:testIamPermissions [none]
[debug] [2025-09-14T17:27:26.505Z] >>> [apiv2][(partial)header] POST https://cloudresourcemanager.googleapis.com/v1/projects/manima-7e23a:testIamPermissions x-goog-quota-user=projects/manima-7e23a
[debug] [2025-09-14T17:27:26.505Z] >>> [apiv2][body] POST https://cloudresourcemanager.googleapis.com/v1/projects/manima-7e23a:testIamPermissions {"permissions":["firebase.projects.get","firebasehosting.sites.update"]}
[debug] [2025-09-14T17:27:27.325Z] <<< [apiv2][status] POST https://cloudresourcemanager.googleapis.com/v1/projects/manima-7e23a:testIamPermissions 200
[debug] [2025-09-14T17:27:27.326Z] <<< [apiv2][body] POST https://cloudresourcemanager.googleapis.com/v1/projects/manima-7e23a:testIamPermissions {"permissions":["firebase.projects.get","firebasehosting.sites.update"]}
[debug] [2025-09-14T17:27:27.326Z] Checked if tokens are valid: true, expires at: 1757874307840
[debug] [2025-09-14T17:27:27.326Z] Checked if tokens are valid: true, expires at: 1757874307840
[debug] [2025-09-14T17:27:27.327Z] >>> [apiv2][query] GET https://firebase.googleapis.com/v1beta1/projects/manima-7e23a [none]
[debug] [2025-09-14T17:27:27.727Z] <<< [apiv2][status] GET https://firebase.googleapis.com/v1beta1/projects/manima-7e23a 200
[debug] [2025-09-14T17:27:27.727Z] <<< [apiv2][body] GET https://firebase.googleapis.com/v1beta1/projects/manima-7e23a {"projectId":"manima-7e23a","projectNumber":"135877962056","displayName":"Manima","name":"projects/manima-7e23a","resources":{"hostingSite":"manima-7e23a","realtimeDatabaseInstance":"manima-7e23a-default-rtdb"},"state":"ACTIVE","etag":"1_29dd1be8-ddac-4412-98f9-5aaa23e426e1"}
[info] 
[info] === Deploying to 'manima-7e23a'...
[info] 
[info] i  deploying hosting 
[debug] [2025-09-14T17:27:27.734Z] Checked if tokens are valid: true, expires at: 1757874307840
[debug] [2025-09-14T17:27:27.734Z] Checked if tokens are valid: true, expires at: 1757874307840
[debug] [2025-09-14T17:27:27.734Z] >>> [apiv2][query] POST https://firebasehosting.googleapis.com/v1beta1/projects/-/sites/manima-7e23a/versions [none]
[debug] [2025-09-14T17:27:27.734Z] >>> [apiv2][body] POST https://firebasehosting.googleapis.com/v1beta1/projects/-/sites/manima-7e23a/versions {"status":"CREATED","labels":{"deployment-tool":"cli-firebase"}}
[debug] [2025-09-14T17:27:29.363Z] <<< [apiv2][status] POST https://firebasehosting.googleapis.com/v1beta1/projects/-/sites/manima-7e23a/versions 200
[debug] [2025-09-14T17:32:25.553Z] ----------------------------------------------------------------------
[debug] [2025-09-14T17:32:25.554Z] Command:       /usr/local/bin/node /Users/fouadelmessaoudi/.npm-global/bin/firebase deploy
[debug] [2025-09-14T17:32:25.554Z] CLI Version:   14.16.0
[debug] [2025-09-14T17:32:25.554Z] Platform:      darwin
[debug] [2025-09-14T17:32:25.555Z] Node Version:  v22.17.1
[debug] [2025-09-14T17:32:25.555Z] Time:          Sun Sep 14 2025 19:32:25 GMT+0200 (heure d’été d’Europe centrale)
[debug] [2025-09-14T17:32:25.555Z] ----------------------------------------------------------------------
[debug] 
[debug] [2025-09-14T17:32:25.655Z] > command requires scopes: ["email","openid","https://www.googleapis.com/auth/cloudplatformprojects.readonly","https://www.googleapis.com/auth/firebase","https://www.googleapis.com/auth/cloud-platform"]
[debug] [2025-09-14T17:32:25.655Z] > authorizing via signed-in user (elmessaoudianiss@gmail.com)
[debug] [2025-09-14T17:32:25.655Z] [iam] checking project manima-7e23a for permissions ["firebase.projects.get","firebasehosting.sites.update"]
[debug] [2025-09-14T17:32:25.656Z] Checked if tokens are valid: true, expires at: 1757874307840
[debug] [2025-09-14T17:32:25.656Z] Checked if tokens are valid: true, expires at: 1757874307840
[debug] [2025-09-14T17:32:25.656Z] >>> [apiv2][query] POST https://cloudresourcemanager.googleapis.com/v1/projects/manima-7e23a:testIamPermissions [none]
[debug] [2025-09-14T17:32:25.656Z] >>> [apiv2][(partial)header] POST https://cloudresourcemanager.googleapis.com/v1/projects/manima-7e23a:testIamPermissions x-goog-quota-user=projects/manima-7e23a
[debug] [2025-09-14T17:32:25.656Z] >>> [apiv2][body] POST https://cloudresourcemanager.googleapis.com/v1/projects/manima-7e23a:testIamPermissions {"permissions":["firebase.projects.get","firebasehosting.sites.update"]}
[debug] [2025-09-14T17:32:25.930Z] <<< [apiv2][status] POST https://cloudresourcemanager.googleapis.com/v1/projects/manima-7e23a:testIamPermissions 200
[debug] [2025-09-14T17:32:25.930Z] <<< [apiv2][body] POST https://cloudresourcemanager.googleapis.com/v1/projects/manima-7e23a:testIamPermissions {"permissions":["firebase.projects.get","firebasehosting.sites.update"]}
[debug] [2025-09-14T17:32:25.931Z] Checked if tokens are valid: true, expires at: 1757874307840
[debug] [2025-09-14T17:32:25.931Z] Checked if tokens are valid: true, expires at: 1757874307840
[debug] [2025-09-14T17:32:25.931Z] >>> [apiv2][query] GET https://firebase.googleapis.com/v1beta1/projects/manima-7e23a [none]
[debug] [2025-09-14T17:32:26.238Z] <<< [apiv2][status] GET https://firebase.googleapis.com/v1beta1/projects/manima-7e23a 200
[debug] [2025-09-14T17:32:26.238Z] <<< [apiv2][body] GET https://firebase.googleapis.com/v1beta1/projects/manima-7e23a {"projectId":"manima-7e23a","projectNumber":"135877962056","displayName":"Manima","name":"projects/manima-7e23a","resources":{"hostingSite":"manima-7e23a","realtimeDatabaseInstance":"manima-7e23a-default-rtdb"},"state":"ACTIVE","etag":"1_29dd1be8-ddac-4412-98f9-5aaa23e426e1"}
[info] 
[info] === Deploying to 'manima-7e23a'...
[info] 
[info] i  deploying hosting 
[debug] [2025-09-14T17:32:26.245Z] Checked if tokens are valid: true, expires at: 1757874307840
[debug] [2025-09-14T17:32:26.246Z] Checked if tokens are valid: true, expires at: 1757874307840
[debug] [2025-09-14T17:32:26.246Z] >>> [apiv2][query] POST https://firebasehosting.googleapis.com/v1beta1/projects/-/sites/manima-7e23a/versions [none]
[debug] [2025-09-14T17:32:26.246Z] >>> [apiv2][body] POST https://firebasehosting.googleapis.com/v1beta1/projects/-/sites/manima-7e23a/versions {"status":"CREATED","labels":{"deployment-tool":"cli-firebase"}}
[debug] [2025-09-14T17:32:27.236Z] <<< [apiv2][status] POST https://firebasehosting.googleapis.com/v1beta1/projects/-/sites/manima-7e23a/versions 200
[debug] [2025-09-14T17:39:36.620Z] ----------------------------------------------------------------------
[debug] [2025-09-14T17:39:36.624Z] Command:       /usr/local/bin/node /Users/fouadelmessaoudi/.npm-global/bin/firebase deploy
[debug] [2025-09-14T17:39:36.624Z] CLI Version:   14.16.0
[debug] [2025-09-14T17:39:36.624Z] Platform:      darwin
[debug] [2025-09-14T17:39:36.624Z] Node Version:  v22.17.1
[debug] [2025-09-14T17:39:36.624Z] Time:          Sun Sep 14 2025 19:39:36 GMT+0200 (heure d’été d’Europe centrale)
[debug] [2025-09-14T17:39:36.624Z] ----------------------------------------------------------------------
[debug] 
[debug] [2025-09-14T17:39:36.725Z] > command requires scopes: ["email","openid","https://www.googleapis.com/auth/cloudplatformprojects.readonly","https://www.googleapis.com/auth/firebase","https://www.googleapis.com/auth/cloud-platform"]
[debug] [2025-09-14T17:39:36.725Z] > authorizing via signed-in user (elmessaoudianiss@gmail.com)
[debug] [2025-09-14T17:39:36.725Z] [iam] checking project manima-7e23a for permissions ["firebase.projects.get","firebasehosting.sites.update"]
[debug] [2025-09-14T17:39:36.725Z] Checked if tokens are valid: true, expires at: 1757874307840
[debug] [2025-09-14T17:39:36.725Z] Checked if tokens are valid: true, expires at: 1757874307840
[debug] [2025-09-14T17:39:36.726Z] >>> [apiv2][query] POST https://cloudresourcemanager.googleapis.com/v1/projects/manima-7e23a:testIamPermissions [none]
[debug] [2025-09-14T17:39:36.726Z] >>> [apiv2][(partial)header] POST https://cloudresourcemanager.googleapis.com/v1/projects/manima-7e23a:testIamPermissions x-goog-quota-user=projects/manima-7e23a
[debug] [2025-09-14T17:39:36.726Z] >>> [apiv2][body] POST https://cloudresourcemanager.googleapis.com/v1/projects/manima-7e23a:testIamPermissions {"permissions":["firebase.projects.get","firebasehosting.sites.update"]}
[debug] [2025-09-14T17:39:37.531Z] <<< [apiv2][status] POST https://cloudresourcemanager.googleapis.com/v1/projects/manima-7e23a:testIamPermissions 200
[debug] [2025-09-14T17:39:37.531Z] <<< [apiv2][body] POST https://cloudresourcemanager.googleapis.com/v1/projects/manima-7e23a:testIamPermissions {"permissions":["firebase.projects.get","firebasehosting.sites.update"]}
[debug] [2025-09-14T17:39:37.532Z] Checked if tokens are valid: true, expires at: 1757874307840
[debug] [2025-09-14T17:39:37.532Z] Checked if tokens are valid: true, expires at: 1757874307840
[debug] [2025-09-14T17:39:37.532Z] >>> [apiv2][query] GET https://firebase.googleapis.com/v1beta1/projects/manima-7e23a [none]
[debug] [2025-09-14T17:39:38.445Z] <<< [apiv2][status] GET https://firebase.googleapis.com/v1beta1/projects/manima-7e23a 200
[debug] [2025-09-14T17:39:38.446Z] <<< [apiv2][body] GET https://firebase.googleapis.com/v1beta1/projects/manima-7e23a {"projectId":"manima-7e23a","projectNumber":"135877962056","displayName":"Manima","name":"projects/manima-7e23a","resources":{"hostingSite":"manima-7e23a","realtimeDatabaseInstance":"manima-7e23a-default-rtdb"},"state":"ACTIVE","etag":"1_29dd1be8-ddac-4412-98f9-5aaa23e426e1"}
[info] 
[info] === Deploying to 'manima-7e23a'...
[info] 
[info] i  deploying hosting 
[debug] [2025-09-14T17:39:38.455Z] Checked if tokens are valid: true, expires at: 1757874307840
[debug] [2025-09-14T17:39:38.455Z] Checked if tokens are valid: true, expires at: 1757874307840
[debug] [2025-09-14T17:39:38.455Z] >>> [apiv2][query] POST https://firebasehosting.googleapis.com/v1beta1/projects/-/sites/manima-7e23a/versions [none]
[debug] [2025-09-14T17:39:38.455Z] >>> [apiv2][body] POST https://firebasehosting.googleapis.com/v1beta1/projects/-/sites/manima-7e23a/versions {"status":"CREATED","labels":{"deployment-tool":"cli-firebase"}}
[debug] [2025-09-14T17:39:39.595Z] <<< [apiv2][status] POST https://firebasehosting.googleapis.com/v1beta1/projects/-/sites/manima-7e23a/versions 200
